  [1m[35m (0.3ms)[0m  [1m[34mSELECT pg_try_advisory_lock(7957045805328457110);[0m
  [1m[36mActiveRecord::SchemaMigration Load (0.7ms)[0m  [1m[34mSELECT "schema_migrations".* FROM "schema_migrations"[0m
Migrating to CreateOrderStatuses (20170525231022)
  [1m[35m (0.2ms)[0m  [1m[35mBEGIN[0m
  [1m[35m (42.0ms)[0m  [1m[35mCREATE TABLE "order_statuses" ("id" serial primary key, "name" character varying, "created_at" timestamp NOT NULL, "updated_at" timestamp NOT NULL)[0m
  [1m[35mSQL (0.5ms)[0m  [1m[32mINSERT INTO "schema_migrations" ("version") VALUES ($1) RETURNING "version"[0m  [["version", "20170525231022"]]
  [1m[35m (1.2ms)[0m  [1m[35mCOMMIT[0m
Migrating to AddOrderStatusToOrder (20170525233123)
  [1m[35m (5.8ms)[0m  [1m[35mBEGIN[0m
  [1m[35m (6.2ms)[0m  [1m[35mALTER TABLE "orders" ADD "order_status_id" integer[0m
  [1m[35m (1.8ms)[0m  [1m[35mCREATE  INDEX  "index_orders_on_order_status_id" ON "orders"  ("order_status_id")[0m
  [1m[35m (8.3ms)[0m  [1m[35mALTER TABLE "orders" ADD CONSTRAINT "fk_rails_7a22cf8b0e"
FOREIGN KEY ("order_status_id")
  REFERENCES "order_statuses" ("id")
[0m
  [1m[35mSQL (0.6ms)[0m  [1m[32mINSERT INTO "schema_migrations" ("version") VALUES ($1) RETURNING "version"[0m  [["version", "20170525233123"]]
  [1m[35m (0.4ms)[0m  [1m[35mCOMMIT[0m
Migrating to CreateCategorizings (20170526161033)
  [1m[35m (0.2ms)[0m  [1m[35mBEGIN[0m
  [1m[35m (17.3ms)[0m  [1m[35mCREATE TABLE "categorizings" ("id" serial primary key, "dish_id" integer, "category_id" integer, "created_at" timestamp NOT NULL, "updated_at" timestamp NOT NULL, CONSTRAINT "fk_rails_fda789eea2"
FOREIGN KEY ("dish_id")
  REFERENCES "dishes" ("id")
, CONSTRAINT "fk_rails_10f590cd01"
FOREIGN KEY ("category_id")
  REFERENCES "categories" ("id")
)[0m
  [1m[35m (5.3ms)[0m  [1m[35mCREATE  INDEX  "index_categorizings_on_dish_id" ON "categorizings"  ("dish_id")[0m
  [1m[35m (1.0ms)[0m  [1m[35mCREATE  INDEX  "index_categorizings_on_category_id" ON "categorizings"  ("category_id")[0m
  [1m[35mSQL (0.6ms)[0m  [1m[32mINSERT INTO "schema_migrations" ("version") VALUES ($1) RETURNING "version"[0m  [["version", "20170526161033"]]
  [1m[35m (0.5ms)[0m  [1m[35mCOMMIT[0m
  [1m[36mActiveRecord::InternalMetadata Load (0.8ms)[0m  [1m[34mSELECT  "ar_internal_metadata".* FROM "ar_internal_metadata" WHERE "ar_internal_metadata"."key" = $1 LIMIT $2[0m  [["key", :environment], ["LIMIT", 1]]
  [1m[35m (0.2ms)[0m  [1m[35mBEGIN[0m
  [1m[35m (0.3ms)[0m  [1m[35mCOMMIT[0m
  [1m[35m (0.4ms)[0m  [1m[34mSELECT pg_advisory_unlock(7957045805328457110)[0m
  [1m[36mActiveRecord::SchemaMigration Load (0.4ms)[0m  [1m[34mSELECT "schema_migrations".* FROM "schema_migrations"[0m
